1612258774399	geckodriver	INFO	Listening on 127.0.0.1:50349
1612258777448	mozrunner::runner	INFO	Running command: "C:\\Program Files\\Mozilla Firefox\\firefox.exe" "--marionette" "-foreground" "-no-remote" "-profile" "C:\\Users\\Oren\\AppData\\Local\\Temp\\rust_mozprofile4RMdlR"
JavaScript error: resource://gre/modules/XULStore.jsm, line 66: Error: Can't find profile directory.
console.warn: SearchSettings: "get: No settings file exists, new profile?" (new Error("", "(unknown module)"))
1612258781061	Marionette	INFO	Listening on port 50357
1612258781174	Marionette	WARN	TLS certificate errors will be ignored for this session
1612258781188	Marionette	ERROR	[18] No reply from Marionette:Register
console.warn: SearchSettings: "get: No settings file exists, new profile?" (new Error("", "(unknown module)"))

###!!! [Child][RunMessage] Error: Channel closing: too late to send/recv, messages will be lost

1612258798437	Marionette	INFO	Stopped listening on port 50357

###!!! [Child][RunMessage] Error: Channel closing: too late to send/recv, messages will be lost

1612258953556	geckodriver	INFO	Listening on 127.0.0.1:50484
1612258956607	mozrunner::runner	INFO	Running command: "C:\\Program Files\\Mozilla Firefox\\firefox.exe" "--marionette" "-foreground" "-no-remote" "-profile" "C:\\Users\\Oren\\AppData\\Local\\Temp\\rust_mozprofileoBA2nT"
JavaScript error: resource://gre/modules/XULStore.jsm, line 66: Error: Can't find profile directory.
console.warn: SearchSettings: "get: No settings file exists, new profile?" (new Error("", "(unknown module)"))
1612258959543	Marionette	INFO	Listening on port 50498
console.warn: SearchSettings: "get: No settings file exists, new profile?" (new Error("", "(unknown module)"))
1612258959793	Marionette	WARN	TLS certificate errors will be ignored for this session
1612258959807	Marionette	ERROR	[18] No reply from Marionette:Register
1612258967117	Marionette	INFO	Stopped listening on port 50498

###!!! [Child][RunMessage] Error: Channel closing: too late to send/recv, messages will be lost

1612259061463	geckodriver	INFO	Listening on 127.0.0.1:50626
1612259064525	mozrunner::runner	INFO	Running command: "C:\\Program Files\\Mozilla Firefox\\firefox.exe" "--marionette" "-foreground" "-no-remote" "-profile" "C:\\Users\\Oren\\AppData\\Local\\Temp\\rust_mozprofileLn7kYt"
JavaScript error: resource://gre/modules/XULStore.jsm, line 66: Error: Can't find profile directory.
console.warn: SearchSettings: "get: No settings file exists, new profile?" (new Error("", "(unknown module)"))
1612259067437	Marionette	INFO	Listening on port 50634
1612259067671	Marionette	WARN	TLS certificate errors will be ignored for this session
1612259067684	Marionette	ERROR	[18] No reply from Marionette:Register
console.warn: SearchSettings: "get: No settings file exists, new profile?" (new Error("", "(unknown module)"))
JavaScript error: https://static-exp1.licdn.com/sc/h/1fipe7qm3qq2xhf541ve0fldz, line 1: Error: GoogleOneTapError display: unknown_reason
JavaScript warning: https://static-exp1.licdn.com/sc/h/58w52ucifgg63fs97x84xv2li, line 4494: unreachable code after return statement
JavaScript warning: https://static-exp1.licdn.com/sc/h/58w52ucifgg63fs97x84xv2li, line 4494: unreachable code after return statement
1612259325332	Marionette	INFO	Stopped listening on port 50634

###!!! [Child][RunMessage] Error: Channel closing: too late to send/recv, messages will be lost

"--marionette" "-foreground" "-no-remote" "-profile" "C:\\Users\\Oren\\AppData\\Local\\Temp\\rust_mozprofilejPZHnL"
JavaScript error: resource://gre/modules/XULStore.jsm, line 66: Error: Can't find profile directory.
console.warn: SearchSettings: "get: No settings file exists, new profile?" (new Error("", "(unknown module)"))
1612259302038	Marionette	INFO	Listening on port 50838
console.warn: SearchSettings: "get: No settings file exists, new profile?" (new Error("", "(unknown module)"))
1612259302291	Marionette	WARN	TLS certificate errors will be ignored for this session
1612259302304	Marionette	ERROR	[21] No reply from Marionette:Register
JavaScript error: https://static-exp1.licdn.com/sc/h/1fipe7qm3qq2xhf541ve0fldz, line 1: Error: GoogleOneTapError display: unknown_reason
JavaScript warning: https://static-exp1.licdn.com/sc/h/58w52ucifgg63fs97x84xv2li, line 4494: unreachable code after return statement
JavaScript warning: https://static-exp1.licdn.com/sc/h/58w52ucifgg63fs97x84xv2li, line 4494: unreachable code after return statement
JavaScript warning: https://static-exp1.licdn.com/sc/h/58w52ucifgg63fs97x84xv2li, line 4494: unreachable code after return statement
JavaScript warning: https://static-exp1.licdn.com/sc/h/58w52ucifgg63fs97x84xv2li, line 4494: unreachable code after return statement

###!!! [Child][MessageChannel] Error: (msgtype=0x5B000E,name=PHttpChannel::Msg___delete__) Channel closing: too late to send/recv, messages will be lost


###!!! [Child][MessageChannel] Error: (msgtype=0x6B0027,name=PNecko::Msg_RemoveRequestContext) Channel closing: too late to send/recv, messages will be lost

1612259733618	Marionette	INFO	Stopped listening on port 50838

###!!! [Child][RunMessage] Error: Channel closing: too late to send/recv, messages will be lost

1612259958362	geckodriver	INFO	Listening on 127.0.0.1:51326
1612269536199	geckodriver	INFO	Listening on 127.0.0.1:53778
1612269539248	mozrunner::runner	INFO	Running command: "C:\\Program Files\\Mozilla Firefox\\firefox.exe" "--marionette" "-foreground" "-no-remote" "-profile" "C:\\Users\\Oren\\AppData\\Local\\Temp\\rust_mozprofileVSTBLg"
JavaScript error: resource://gre/modules/XULStore.jsm, line 66: Error: Can't find profile directory.
console.warn: SearchSettings: "get: No settings file exists, new profile?" (new Error("", "(unknown module)"))
1612269542585	Marionette	INFO	Listening on port 53788
console.warn: SearchSettings: "get: No settings file exists, new profile?" (new Error("", "(unknown module)"))
1612269542950	Marionette	WARN	TLS certificate errors will be ignored for this session
1612269542963	Marionette	ERROR	[21] No reply from Marionette:Register
1612269573885	Marionette	INFO	Stopped listening on port 53788

###!!! [Child][RunMessage] Error: Channel closing: too late to send/recv, messages will be lost

1612269630965	geckodriver	INFO	Listening on 127.0.0.1:53901
1612269633997	mozrunner::runner	INFO	Running command: "C:\\Program Files\\Mozilla Firefox\\firefox.exe" "--marionette" "-foreground" "-no-remote" "-profile" "C:\\Users\\Oren\\AppData\\Local\\Temp\\rust_mozprofileURRomY"
JavaScript error: resource://gre/modules/XULStore.jsm, line 66: Error: Can't find profile directory.
console.warn: SearchSettings: "get: No settings file exists, new profile?" (new Error("", "(unknown module)"))
1612269636952	Marionette	INFO	Listening on port 53909
1612269637195	Marionette	WARN	TLS certificate errors will be ignored for this session
1612269637208	Marionette	ERROR	[18] No reply from Marionette:Register
console.warn: SearchSettings: "get: No settings file exists, new profile?" (new Error("", "(unknown module)"))
console.warn: LoginRecipes: "getRecipes: falling back to a synchronous message for:" "https://www.linkedin.com"
1612269651706	Marionette	INFO	Stopped listening on port 53909

###!!! [Child][RunMessage] Error: Channel closing: too late to send/recv, messages will be lost

1612269673775	geckodriver	INFO	Listening on 127.0.0.1:53988
1612269676822	mozrunner::runner	INFO	Running command: "C:\\Program Files\\Mozilla Firefox\\firefox.exe" "--marionette" "-foreground" "-no-remote" "-profile" "C:\\Users\\Oren\\AppData\\Local\\Temp\\rust_mozprofile1jZBtC"
JavaScript error: resource://gre/modules/XULStore.jsm, line 66: Error: Can't find profile directory.
console.warn: SearchSettings: "get: No settings file exists, new profile?" (new Error("", "(unknown module)"))
1612269679667	Marionette	INFO	Listening on port 53996
console.warn: SearchSettings: "get: No settings file exists, new profile?" (new Error("", "(unknown module)"))
1612269679981	Marionette	WARN	TLS certificate errors will be ignored for this session
1612269679994	Marionette	ERROR	[18] No reply from Marionette:Register
JavaScript warning: https://static-exp1.licdn.com/sc/h/58w52ucifgg63fs97x84xv2li, line 4494: unreachable code after return statement
JavaScript warning: https://static-exp1.licdn.com/sc/h/58w52ucifgg63fs97x84xv2li, line 4494: unreachable code after return statement

###!!! [Child][MessageChannel] Error: (msgtype=0x6B0027,name=PNecko::Msg_RemoveRequestContext) Channel closing: too late to send/recv, messages will be lost


###!!! [Child][RunMessage] Error: Channel closing: too late to send/recv, messages will be lost

1612269725383	Marionette	INFO	Stopped listening on port 53996

###!!! [Child][RunMessage] Error: Channel closing: too late to send/recv, messages will be lost

1612270163300	geckodriver	INFO	Listening on 127.0.0.1:54313
1612270166382	mozrunner::runner	INFO	Running command: "C:\\Program Files\\Mozilla Firefox\\firefox.exe" "--marionette" "-foreground" "-no-remote" "-profile" "C:\\Users\\Oren\\AppData\\Local\\Temp\\rust_mozprofileMGW5z4"
JavaScript error: resource://gre/modules/XULStore.jsm, line 66: Error: Can't find profile directory.
console.warn: SearchSettings: "get: No settings file exists, new profile?" (new Error("", "(unknown module)"))
1612270169280	Marionette	INFO	Listening on port 54321
1612270169591	Marionette	WARN	TLS certificate errors will be ignored for this session
1612270169613	Marionette	ERROR	[18] No reply from Marionette:Register
console.warn: SearchSettings: "get: No settings file exists, new profile?" (new Error("", "(unknown module)"))
JavaScript warning: https://static-exp1.licdn.com/sc/h/58w52ucifgg63fs97x84xv2li, line 4494: unreachable code after return statement
JavaScript warning: https://static-exp1.licdn.com/sc/h/58w52ucifgg63fs97x84xv2li, line 4494: unreachable code after return statement
1612270220833	Marionette	INFO	Stopped listening on port 54321

###!!! [Child][RunMessage] Error: Channel closing: too late to send/recv, messages will be lost

